<?xml version="1.0" encoding="UTF-8"?>
<!-- Generated by org.testng.reporters.JUnitReportReporter -->
<testsuite hostname="Muthu_Raj" failures="0" tests="1" name="tests.TC004_MenuItemsDisplay" time="2.970" errors="0" timestamp="2025-04-05T15:01:08 IST" skipped="0">
  <testcase classname="tests.TC004_MenuItemsDisplay" name="testMenuItemsDisplayed" time="2.970"/>
</testsuite> <!-- tests.TC004_MenuItemsDisplay -->
