<?xml version="1.0" encoding="UTF-8"?>
<!-- Generated by org.testng.reporters.JUnitReportReporter -->
<testsuite hostname="Muthu_Raj" failures="0" tests="1" name="tests.TC010_DeleteCartItem" time="33.121" errors="0" timestamp="2025-04-05T15:01:08 IST" skipped="0">
  <testcase classname="tests.TC010_DeleteCartItem" name="testDeleteCartProduct" time="33.121"/>
</testsuite> <!-- tests.TC010_DeleteCartItem -->
