<?xml version="1.0" encoding="UTF-8"?>
<!-- Generated by org.testng.reporters.JUnitReportReporter -->
<testsuite hostname="Muthu_Raj" failures="0" tests="1" name="tests.TC011_ValidateTotalPrice" time="17.854" errors="0" timestamp="2025-04-05T15:01:08 IST" skipped="0">
  <testcase classname="tests.TC011_ValidateTotalPrice" name="testDeleteCartProduct" time="17.854"/>
</testsuite> <!-- tests.TC011_ValidateTotalPrice -->
