<?xml version="1.0" encoding="UTF-8"?>
<!-- Generated by org.testng.reporters.JUnitReportReporter -->
<testsuite hostname="Muthu_Raj" failures="0" tests="1" name="tests.TC007_WelcomeUserDisplay" time="10.236" errors="0" timestamp="2025-04-05T15:08:34 IST" skipped="0">
  <testcase classname="tests.TC007_WelcomeUserDisplay" name="testWelcomeUserDisplayed" time="10.236"/>
</testsuite> <!-- tests.TC007_WelcomeUserDisplay -->
