<?xml version="1.0" encoding="UTF-8"?>
<!-- Generated by org.testng.reporters.JUnitReportReporter -->
<testsuite hostname="Muthu_Raj" failures="0" tests="1" name="tests.TC002_LoginFunctionality" time="7.902" errors="0" timestamp="2025-04-05T15:01:08 IST" skipped="0">
  <testcase classname="tests.TC002_LoginFunctionality" name="LoginTest" time="7.902"/>
</testsuite> <!-- tests.TC002_LoginFunctionality -->
