<?xml version="1.0" encoding="UTF-8"?>
<!-- Generated by org.testng.reporters.JUnitReportReporter -->
<testsuite hostname="Muthu_Raj" failures="0" tests="1" name="tests.TC012_EmptyCart" time="57.480" errors="0" timestamp="2025-04-05T15:01:08 IST" skipped="0">
  <testcase classname="tests.TC012_EmptyCart" name="testEmptyCart" time="57.480"/>
</testsuite> <!-- tests.TC012_EmptyCart -->
