<?xml version="1.0" encoding="UTF-8"?>
<!-- Generated by org.testng.reporters.JUnitReportReporter -->
<testsuite hostname="Muthu_Raj" failures="0" tests="5" name="tests.TC003_ProductCategoryDisplay" time="34.216" errors="0" timestamp="2025-04-04T09:39:12 IST" skipped="0">
  <testcase classname="tests.TC003_ProductCategoryDisplay" name="testSignUpButtonVisibility" time="3.098"/>
  <testcase classname="tests.TC003_ProductCategoryDisplay" name="testLoginButtonVisibility" time="2.954"/>
  <testcase classname="tests.TC003_ProductCategoryDisplay" name="testMenuItemsDisplayed" time="2.787"/>
  <testcase classname="tests.TC003_ProductCategoryDisplay" name="testCategoriesDisplayed" time="22.684"/>
  <testcase classname="tests.TC003_ProductCategoryDisplay" name="testApplicationLogoDisplayed" time="2.693"/>
</testsuite> <!-- tests.TC003_ProductCategoryDisplay -->
