<?xml version="1.0" encoding="UTF-8"?>
<!-- Generated by org.testng.reporters.JUnitReportReporter -->
<testsuite hostname="Muthu_Raj" failures="0" tests="1" name="tests.TC005_CategoriesDisplay" time="3.740" errors="0" timestamp="2025-04-05T15:01:08 IST" skipped="0">
  <testcase classname="tests.TC005_CategoriesDisplay" name="testCategoriesDisplayed" time="3.740"/>
</testsuite> <!-- tests.TC005_CategoriesDisplay -->
