<?xml version="1.0" encoding="UTF-8"?>
<!-- Generated by org.testng.reporters.JUnitReportReporter -->
<testsuite hostname="Muthu_Raj" failures="0" tests="2" name="tests.TC003_ButtonVisibility" time="6.404" errors="0" timestamp="2025-04-05T15:01:08 IST" skipped="0">
  <testcase classname="tests.TC003_ButtonVisibility" name="testSignUpButtonVisibility" time="3.295"/>
  <testcase classname="tests.TC003_ButtonVisibility" name="testLoginButtonVisibility" time="3.109"/>
</testsuite> <!-- tests.TC003_ButtonVisibility -->
